warning: Git tree '/etc/nixos' is dirty
error:
       … while calling the 'seq' builtin

         at /nix/store/79j6vc975md1w3f2fgli3xw657zyxxyc-source/lib/modules.nix:322:18:

          321|         options = checked options;
          322|         config = checked (removeAttrs config [ "_module" ]);
             |                  ^
          323|         _module = checked (config._module);

       … while evaluating a branch condition

         at /nix/store/79j6vc975md1w3f2fgli3xw657zyxxyc-source/lib/modules.nix:261:9:

          260|       checkUnmatched =
          261|         if config._module.check && config._module.freeformType == null && merged.unmatchedDefns != [] then
             |         ^
          262|           let

       (stack trace truncated; use '--show-trace' to show the full trace)

       error: undefined variable 'config'

       at /nix/store/j7cjsv6qqmjwrk20mjqxpxnn24nyiyqr-source/hosts/silenos/boot.nix:3:32:

            2|   boot = {
            3|     extraModulePackages = with config.boot.kernelPackages; [v4l2loopback.out];
             |                                ^
            4|     kernelModules = ["v4l2loopback"];
